<?xml version="1.0" encoding="UTF-8"?>
<!-- Generated by org.testng.reporters.JUnitReportReporter -->
<testsuite skipped="0" hostname="LAPTOP-A9LGR1B9" name="test.LoginTest" tests="2" failures="0" timestamp="2020-12-31T03:52:02 CST" time="37.028" errors="0">
  <testcase name="validUserShouldBeAbleToLogIn" time="21.888" classname="test.LoginTest"/>
  <system-out/>
  <testcase name="invalidUserShouldNotLogIn" time="15.140" classname="test.LoginTest"/>
  <system-out/>
</testsuite> <!-- test.LoginTest -->
